// 重构日志: 9643002a
// 重构日志: 907bfc00
// 重构日志: 93b013ca
// 同步 ID: 0a1b8928 @ Sat Jun 20 10:21:47 UTC 2026
// 同步 ID: 1fa8e257 @ Sun Jun 21 10:56:54 UTC 2026
// 重构日志: 2a0be0f2
// 重构日志: 585a90f3
// 同步 ID: cc236349 @ Sat Jun 27 15:02:43 UTC 2026
// 重构日志: 02fe30ae
// 重构日志: 1f461480
// 重构日志: cbaa0e03
// 重构日志: 1f037f57
// 重构日志: f13eb373
// 重构日志: 9be98d4d
// 重构日志: e50087ce
// 重构日志: 24371b00
// 重构日志: e0f97a45
// 重构日志: 9b98273c
// 重构日志: 8e99f9d5
// 同步 ID: c1ad1e61 @ Wed Jul  8 16:36:45 UTC 2026
// 重构日志: 57925694
// 重构日志: 31d5dbea
// 重构日志: beca3d72
// 重构日志: a71033ed
// 重构日志: 8364cc1c
// 同步 ID: 66b8f54e @ Sat Jul 11 16:15:50 UTC 2026
